{"timestamp": "Sep-03-2023 13:26:58" "logLevel": "error" "message": "undefined"}
{"timestamp": "Sep-03-2023 13:26:58" "logLevel": "error" "message": "errorHandler: {"status":400,"code":40001,"fieldName":"latitude","message":"Validator failed for path `latitude` with value `223`","type":"user defined"}"}
{"timestamp": "Sep-03-2023 13:26:58" "logLevel": "error" "message": "createMainCategory: Error creating a mainCategory"}
{"timestamp": "Sep-03-2023 13:29:50" "logLevel": "error" "message": "errorHandler: {"status":400,"code":40001,"fieldName":"latitude","message":"Validator failed for path `latitude` with value `adsa`","type":"user defined"}"}
{"timestamp": "Sep-03-2023 13:29:50" "logLevel": "error" "message": "createMainCategory: Error creating a mainCategory"}
{"timestamp": "Sep-03-2023 13:29:57" "logLevel": "error" "message": "errorHandler: {"status":400,"code":40001,"fieldName":"latitude","message":"Validator failed for path `latitude` with value `223`","type":"user defined"}"}
{"timestamp": "Sep-03-2023 13:29:57" "logLevel": "error" "message": "createMainCategory: Error creating a mainCategory"}
{"timestamp": "Sep-03-2023 13:30:08" "logLevel": "error" "message": "errorHandler: {"status":400,"code":40001,"fieldName":"latitude","message":"Validator failed for path `latitude` with value `10`","type":"user defined"}"}
{"timestamp": "Sep-03-2023 13:30:08" "logLevel": "error" "message": "createMainCategory: Error creating a mainCategory"}
{"timestamp": "Sep-03-2023 13:32:17" "logLevel": "error" "message": "errorHandler: {"status":400,"code":40001,"fieldName":"latitude","message":"Validator failed for path `latitude` with value `10`","type":"user defined"}"}
{"timestamp": "Sep-03-2023 13:32:17" "logLevel": "error" "message": "errorHandler: {"status":400,"code":40001,"fieldName":"experience","message":"Path `experience` (`jasdkgaskdhgadgaskdgka`) is longer than the maximum allowed length (5).","type":"maxlength"}"}
{"timestamp": "Sep-03-2023 13:32:17" "logLevel": "error" "message": "createMainCategory: Error creating a mainCategory"}
{"timestamp": "Sep-03-2023 13:32:34" "logLevel": "error" "message": "errorHandler: {"status":400,"code":40001,"fieldName":"latitude","message":"Validator failed for path `latitude` with value `10`","type":"user defined"}"}
{"timestamp": "Sep-03-2023 13:32:34" "logLevel": "error" "message": "errorHandler: {"status":400,"code":40001,"fieldName":"experience","message":"Path `experience` (`jasdkgaskdhgadgaskdgka`) is longer than the maximum allowed length (5).","type":"maxlength"}"}
{"timestamp": "Sep-03-2023 13:32:34" "logLevel": "error" "message": "createMainCategory: Error creating a mainCategory"}
{"timestamp": "Sep-03-2023 13:33:16" "logLevel": "error" "message": "errorHandler: {"status":400,"code":40001,"fieldName":"experience","message":"Path `experience` (`jasdkgaskdhgadgaskdgka`) is longer than the maximum allowed length (5).","type":"maxlength"}"}
{"timestamp": "Sep-03-2023 13:33:16" "logLevel": "error" "message": "createMainCategory: Error creating a mainCategory"}
{"timestamp": "Sep-03-2023 13:34:59" "logLevel": "error" "message": "errorHandler: {"status":400,"code":40001,"fieldName":"latitude","message":"Validator failed for path `latitude` with value `10`","type":"user defined"}"}
{"timestamp": "Sep-03-2023 13:34:59" "logLevel": "error" "message": "errorHandler: {"status":400,"code":40001,"fieldName":"experience","message":"Path `experience` (`jasdkgaskdhgadgaskdgka`) is longer than the maximum allowed length (5).","type":"maxlength"}"}
{"timestamp": "Sep-03-2023 13:34:59" "logLevel": "error" "message": "createMainCategory: Error creating a mainCategory"}
{"timestamp": "Sep-03-2023 13:35:06" "logLevel": "error" "message": "errorHandler: {"status":400,"code":40001,"fieldName":"latitude","message":"Validator failed for path `latitude` with value `10.00`","type":"user defined"}"}
{"timestamp": "Sep-03-2023 13:35:06" "logLevel": "error" "message": "errorHandler: {"status":400,"code":40001,"fieldName":"experience","message":"Path `experience` (`jasdkgaskdhgadgaskdgka`) is longer than the maximum allowed length (5).","type":"maxlength"}"}
{"timestamp": "Sep-03-2023 13:35:06" "logLevel": "error" "message": "createMainCategory: Error creating a mainCategory"}
{"timestamp": "Sep-03-2023 13:35:21" "logLevel": "error" "message": "errorHandler: {"status":400,"code":40001,"fieldName":"latitude","message":"Validator failed for path `latitude` with value `9.9824245`","type":"user defined"}"}
{"timestamp": "Sep-03-2023 13:35:21" "logLevel": "error" "message": "errorHandler: {"status":400,"code":40001,"fieldName":"experience","message":"Path `experience` (`jasdkgaskdhgadgaskdgka`) is longer than the maximum allowed length (5).","type":"maxlength"}"}
{"timestamp": "Sep-03-2023 13:35:21" "logLevel": "error" "message": "createMainCategory: Error creating a mainCategory"}
{"timestamp": "Sep-03-2023 13:35:29" "logLevel": "error" "message": "errorHandler: {"status":400,"code":40001,"fieldName":"latitude","message":"Validator failed for path `latitude` with value `9.9824245`","type":"user defined"}"}
{"timestamp": "Sep-03-2023 13:35:29" "logLevel": "error" "message": "errorHandler: {"status":400,"code":40001,"fieldName":"experience","message":"Path `experience` (`jasdkgaskdhgadgaskdgka`) is longer than the maximum allowed length (5).","type":"maxlength"}"}
{"timestamp": "Sep-03-2023 13:35:29" "logLevel": "error" "message": "createMainCategory: Error creating a mainCategory"}
{"timestamp": "Sep-03-2023 13:45:43" "logLevel": "error" "message": "errorHandler: {"status":400,"code":40001,"fieldName":"latitude","message":"Validator failed for path `latitude` with value `9.9824245`","type":"user defined"}"}
{"timestamp": "Sep-03-2023 13:45:43" "logLevel": "error" "message": "errorHandler: {"status":400,"code":40001,"fieldName":"experience","message":"Path `experience` (`jasdkgaskdhgadgaskdgka`) is longer than the maximum allowed length (5).","type":"maxlength"}"}
{"timestamp": "Sep-03-2023 13:45:43" "logLevel": "error" "message": "createMainCategory: Error creating a mainCategory"}
{"timestamp": "Sep-03-2023 13:46:00" "logLevel": "error" "message": "errorHandler: {"status":400,"code":40001,"fieldName":"latitude","message":"Validator failed for path `latitude` with value `9.9824245`","type":"user defined"}"}
{"timestamp": "Sep-03-2023 13:46:00" "logLevel": "error" "message": "errorHandler: {"status":400,"code":40001,"fieldName":"experience","message":"Path `experience` (`jasdkgaskdhgadgaskdgka`) is longer than the maximum allowed length (5).","type":"maxlength"}"}
{"timestamp": "Sep-03-2023 13:46:00" "logLevel": "error" "message": "createMainCategory: Error creating a mainCategory"}
{"timestamp": "Sep-03-2023 13:46:08" "logLevel": "error" "message": "errorHandler: {"status":400,"code":40001,"fieldName":"latitude","message":"Validator failed for path `latitude` with value `9.9824245`","type":"user defined"}"}
{"timestamp": "Sep-03-2023 13:46:08" "logLevel": "error" "message": "errorHandler: {"status":400,"code":40001,"fieldName":"experience","message":"Path `experience` (`jasdkgaskdhgadgaskdgka`) is longer than the maximum allowed length (5).","type":"maxlength"}"}
{"timestamp": "Sep-03-2023 13:46:08" "logLevel": "error" "message": "createMainCategory: Error creating a mainCategory"}
{"timestamp": "Sep-03-2023 13:49:21" "logLevel": "error" "message": "errorHandler: {"status":400,"code":40001,"fieldName":"experience","message":"Path `experience` (`jasdkgaskdhgadgaskdgka`) is longer than the maximum allowed length (5).","type":"maxlength"}"}
{"timestamp": "Sep-03-2023 13:49:21" "logLevel": "error" "message": "createMainCategory: Error creating a mainCategory"}
{"timestamp": "Sep-03-2023 13:49:27" "logLevel": "error" "message": "errorHandler: {"status":400,"code":40001,"fieldName":"experience","message":"Path `experience` (`jasdkgaskdhgadgaskdgka`) is longer than the maximum allowed length (5).","type":"maxlength"}"}
{"timestamp": "Sep-03-2023 13:49:27" "logLevel": "error" "message": "createMainCategory: Error creating a mainCategory"}
{"timestamp": "Sep-03-2023 13:49:33" "logLevel": "error" "message": "errorHandler: {"status":400,"code":40001,"fieldName":"experience","message":"Path `experience` (`jasdkgaskdhgadgaskdgka`) is longer than the maximum allowed length (5).","type":"maxlength"}"}
{"timestamp": "Sep-03-2023 13:49:33" "logLevel": "error" "message": "createMainCategory: Error creating a mainCategory"}
{"timestamp": "Sep-03-2023 13:49:37" "logLevel": "error" "message": "errorHandler: {"status":400,"code":40001,"fieldName":"latitude","message":"Validator failed for path `latitude` with value `asdd`","type":"user defined"}"}
{"timestamp": "Sep-03-2023 13:49:37" "logLevel": "error" "message": "errorHandler: {"status":400,"code":40001,"fieldName":"experience","message":"Path `experience` (`jasdkgaskdhgadgaskdgka`) is longer than the maximum allowed length (5).","type":"maxlength"}"}
{"timestamp": "Sep-03-2023 13:49:37" "logLevel": "error" "message": "createMainCategory: Error creating a mainCategory"}
{"timestamp": "Sep-03-2023 13:55:54" "logLevel": "error" "message": "errorHandler: {"status":400,"code":40001,"fieldName":"latitude","message":"Validator failed for path `latitude` with value `9.9824245`","type":"user defined"}"}
{"timestamp": "Sep-03-2023 13:55:54" "logLevel": "error" "message": "errorHandler: {"status":400,"code":40001,"fieldName":"experience","message":"Path `experience` (`jasdkgaskdhgadgaskdgka`) is longer than the maximum allowed length (5).","type":"maxlength"}"}
{"timestamp": "Sep-03-2023 13:55:54" "logLevel": "error" "message": "createMainCategory: Error creating a mainCategory"}
{"timestamp": "Sep-03-2023 13:56:00" "logLevel": "error" "message": "errorHandler: {"status":400,"code":40001,"fieldName":"latitude","message":"Validator failed for path `latitude` with value `9.9824245`","type":"user defined"}"}
{"timestamp": "Sep-03-2023 13:56:00" "logLevel": "error" "message": "errorHandler: {"status":400,"code":40001,"fieldName":"experience","message":"Path `experience` (`jasdkgaskdhgadgaskdgka`) is longer than the maximum allowed length (5).","type":"maxlength"}"}
{"timestamp": "Sep-03-2023 13:56:00" "logLevel": "error" "message": "createMainCategory: Error creating a mainCategory"}
{"timestamp": "Sep-03-2023 13:56:10" "logLevel": "error" "message": "errorHandler: {"status":400,"code":40001,"fieldName":"latitude","message":"Validator failed for path `latitude` with value `9.9824245`","type":"user defined"}"}
{"timestamp": "Sep-03-2023 13:56:10" "logLevel": "error" "message": "errorHandler: {"status":400,"code":40001,"fieldName":"experience","message":"Path `experience` (`jasdkgaskdhgadgaskdgka`) is longer than the maximum allowed length (5).","type":"maxlength"}"}
{"timestamp": "Sep-03-2023 13:56:10" "logLevel": "error" "message": "createMainCategory: Error creating a mainCategory"}
{"timestamp": "Sep-03-2023 13:57:19" "logLevel": "error" "message": "errorHandler: {"status":400,"code":40001,"fieldName":"latitude","message":"Validator failed for path `latitude` with value `9.9824245`","type":"user defined"}"}
{"timestamp": "Sep-03-2023 13:57:19" "logLevel": "error" "message": "errorHandler: {"status":400,"code":40001,"fieldName":"experience","message":"Path `experience` (`jasdkgaskdhgadgaskdgka`) is longer than the maximum allowed length (5).","type":"maxlength"}"}
{"timestamp": "Sep-03-2023 13:57:19" "logLevel": "error" "message": "createMainCategory: Error creating a mainCategory"}
{"timestamp": "Sep-03-2023 13:57:47" "logLevel": "error" "message": "errorHandler: {"status":400,"code":40001,"fieldName":"experience","message":"Path `experience` (`jasdkgaskdhgadgaskdgka`) is longer than the maximum allowed length (5).","type":"maxlength"}"}
{"timestamp": "Sep-03-2023 13:57:47" "logLevel": "error" "message": "createMainCategory: Error creating a mainCategory"}
{"timestamp": "Sep-03-2023 13:57:54" "logLevel": "error" "message": "errorHandler: {"status":400,"code":40001,"fieldName":"experience","message":"Path `experience` (`jasdkgaskdhgadgaskdgka`) is longer than the maximum allowed length (5).","type":"maxlength"}"}
{"timestamp": "Sep-03-2023 13:57:54" "logLevel": "error" "message": "createMainCategory: Error creating a mainCategory"}
{"timestamp": "Sep-03-2023 13:57:59" "logLevel": "error" "message": "errorHandler: {"status":400,"code":40001,"fieldName":"latitude","message":"Validator failed for path `latitude` with value `9.9824245 N`","type":"user defined"}"}
{"timestamp": "Sep-03-2023 13:57:59" "logLevel": "error" "message": "errorHandler: {"status":400,"code":40001,"fieldName":"experience","message":"Path `experience` (`jasdkgaskdhgadgaskdgka`) is longer than the maximum allowed length (5).","type":"maxlength"}"}
{"timestamp": "Sep-03-2023 13:57:59" "logLevel": "error" "message": "createMainCategory: Error creating a mainCategory"}
{"timestamp": "Sep-03-2023 13:58:06" "logLevel": "error" "message": "errorHandler: {"status":400,"code":40001,"fieldName":"experience","message":"Path `experience` (`jasdkgaskdhgadgaskdgka`) is longer than the maximum allowed length (5).","type":"maxlength"}"}
{"timestamp": "Sep-03-2023 13:58:06" "logLevel": "error" "message": "createMainCategory: Error creating a mainCategory"}
{"timestamp": "Sep-03-2023 13:59:46" "logLevel": "error" "message": "errorHandler: {"status":400,"code":40001,"fieldName":"latitude","message":"Validator failed for path `latitude` with value `ass9.9824245`","type":"user defined"}"}
{"timestamp": "Sep-03-2023 13:59:46" "logLevel": "error" "message": "errorHandler: {"status":400,"code":40001,"fieldName":"longitude","message":"Validator failed for path `longitude` with value `ads`","type":"user defined"}"}
{"timestamp": "Sep-03-2023 13:59:46" "logLevel": "error" "message": "errorHandler: {"status":400,"code":40001,"fieldName":"experience","message":"Path `experience` (`jasdkgaskdhgadgaskdgka`) is longer than the maximum allowed length (5).","type":"maxlength"}"}
{"timestamp": "Sep-03-2023 13:59:46" "logLevel": "error" "message": "createMainCategory: Error creating a mainCategory"}
{"timestamp": "Sep-03-2023 13:59:51" "logLevel": "error" "message": "errorHandler: {"status":400,"code":40001,"fieldName":"latitude","message":"Validator failed for path `latitude` with value `28347293842942.9824245`","type":"user defined"}"}
{"timestamp": "Sep-03-2023 13:59:51" "logLevel": "error" "message": "errorHandler: {"status":400,"code":40001,"fieldName":"longitude","message":"Validator failed for path `longitude` with value `ads`","type":"user defined"}"}
{"timestamp": "Sep-03-2023 13:59:51" "logLevel": "error" "message": "errorHandler: {"status":400,"code":40001,"fieldName":"experience","message":"Path `experience` (`jasdkgaskdhgadgaskdgka`) is longer than the maximum allowed length (5).","type":"maxlength"}"}
{"timestamp": "Sep-03-2023 13:59:51" "logLevel": "error" "message": "createMainCategory: Error creating a mainCategory"}
{"timestamp": "Sep-03-2023 13:59:58" "logLevel": "error" "message": "errorHandler: {"status":400,"code":40001,"fieldName":"longitude","message":"Validator failed for path `longitude` with value `ads`","type":"user defined"}"}
{"timestamp": "Sep-03-2023 13:59:58" "logLevel": "error" "message": "errorHandler: {"status":400,"code":40001,"fieldName":"experience","message":"Path `experience` (`jasdkgaskdhgadgaskdgka`) is longer than the maximum allowed length (5).","type":"maxlength"}"}
{"timestamp": "Sep-03-2023 13:59:58" "logLevel": "error" "message": "createMainCategory: Error creating a mainCategory"}
{"timestamp": "Sep-03-2023 14:00:14" "logLevel": "error" "message": "errorHandler: {"status":400,"code":40001,"fieldName":"longitude","message":"Validator failed for path `longitude` with value `2342342342439.9824245`","type":"user defined"}"}
{"timestamp": "Sep-03-2023 14:00:14" "logLevel": "error" "message": "errorHandler: {"status":400,"code":40001,"fieldName":"experience","message":"Path `experience` (`jasdkgaskdhgadgaskdgka`) is longer than the maximum allowed length (5).","type":"maxlength"}"}
{"timestamp": "Sep-03-2023 14:00:14" "logLevel": "error" "message": "createMainCategory: Error creating a mainCategory"}
{"timestamp": "Sep-03-2023 14:00:26" "logLevel": "error" "message": "errorHandler: {"status":400,"code":40001,"fieldName":"experience","message":"Path `experience` (`jasdkgaskdhgadgaskdgka`) is longer than the maximum allowed length (5).","type":"maxlength"}"}
{"timestamp": "Sep-03-2023 14:00:26" "logLevel": "error" "message": "createMainCategory: Error creating a mainCategory"}
{"timestamp": "Sep-04-2023 11:28:09" "logLevel": "error" "message": "errorHandler: {"status":500,"fieldName":"","message":"Oops! Something went wrong!"}"}
{"timestamp": "Sep-04-2023 11:29:45" "logLevel": "error" "message": "errorHandler: {"status":500,"fieldName":"","message":"Oops! Something went wrong!"}"}
{"timestamp": "Sep-04-2023 11:32:46" "logLevel": "error" "message": "errorHandler: {"status":500,"fieldName":"","message":"Oops! Something went wrong!"}"}
{"timestamp": "Sep-04-2023 12:30:42" "logLevel": "error" "message": "errorHandler: {"status":500,"fieldName":"","message":"Oops! Something went wrong!"}"}
{"timestamp": "Sep-04-2023 12:45:57" "logLevel": "error" "message": "errorHandler: {"status":500,"fieldName":"","message":"Oops! Something went wrong!"}"}
{"timestamp": "Sep-04-2023 12:47:47" "logLevel": "error" "message": "errorHandler: {"status":500,"fieldName":"","message":"Oops! Something went wrong!"}"}
{"timestamp": "Sep-04-2023 12:48:56" "logLevel": "error" "message": "errorHandler: {"status":500,"fieldName":"","message":"Oops! Something went wrong!"}"}
{"timestamp": "Sep-04-2023 12:56:01" "logLevel": "error" "message": "errorHandler: {"status":500,"fieldName":"","message":"Oops! Something went wrong!"}"}
{"timestamp": "Sep-04-2023 12:56:47" "logLevel": "error" "message": "errorHandler: {"status":500,"fieldName":"","message":"Oops! Something went wrong!"}"}
{"timestamp": "Sep-04-2023 13:23:33" "logLevel": "error" "message": "errorHandler: {"status":500,"fieldName":"","message":"Oops! Something went wrong!"}"}
{"timestamp": "Sep-07-2023 09:30:47" "logLevel": "error" "message": "errorHandler: {"status":500,"fieldName":"","message":"Oops! Something went wrong!"}"}
{"timestamp": "Sep-07-2023 09:30:47" "logLevel": "error" "message": "index: Error an index"}
{"timestamp": "Sep-07-2023 11:59:32" "logLevel": "error" "message": "errorHandler: {"status":500,"fieldName":"","message":"Oops! Something went wrong!"}"}
{"timestamp": "Sep-07-2023 12:00:34" "logLevel": "error" "message": "errorHandler: {"status":500,"fieldName":"","message":"Oops! Something went wrong!"}"}
{"timestamp": "Sep-07-2023 12:01:05" "logLevel": "error" "message": "errorHandler: {"status":500,"fieldName":"","message":"Oops! Something went wrong!"}"}
{"timestamp": "Sep-07-2023 12:02:03" "logLevel": "error" "message": "errorHandler: {"status":500,"fieldName":"","message":"Oops! Something went wrong!"}"}
{"timestamp": "Sep-07-2023 12:03:38" "logLevel": "error" "message": "errorHandler: {"status":500,"fieldName":"","message":"Oops! Something went wrong!"}"}
{"timestamp": "Sep-07-2023 12:05:10" "logLevel": "error" "message": "errorHandler: {"status":500,"fieldName":"","message":"Oops! Something went wrong!"}"}
{"timestamp": "Sep-07-2023 12:05:10" "logLevel": "error" "message": "index: Error an index"}
{"timestamp": "Sep-07-2023 12:06:43" "logLevel": "error" "message": "errorHandler: {"status":500,"fieldName":"","message":"Oops! Something went wrong!"}"}
{"timestamp": "Sep-07-2023 12:06:43" "logLevel": "error" "message": "index: Error an index"}
{"timestamp": "Sep-07-2023 12:07:34" "logLevel": "error" "message": "errorHandler: {"status":500,"fieldName":"","message":"Oops! Something went wrong!"}"}
{"timestamp": "Sep-07-2023 12:07:34" "logLevel": "error" "message": "index: Error an index"}
{"timestamp": "Sep-07-2023 12:10:07" "logLevel": "error" "message": "errorHandler: {"status":500,"fieldName":"","message":"Oops! Something went wrong!"}"}
{"timestamp": "Sep-07-2023 12:10:07" "logLevel": "error" "message": "index: Error an index"}
{"timestamp": "Sep-07-2023 12:13:03" "logLevel": "error" "message": "errorHandler: {"status":500,"fieldName":"","message":"Oops! Something went wrong!"}"}
{"timestamp": "Sep-07-2023 12:13:03" "logLevel": "error" "message": "index: Error an index"}
{"timestamp": "Sep-07-2023 12:15:30" "logLevel": "error" "message": "errorHandler: {"status":500,"fieldName":"","message":"Oops! Something went wrong!"}"}
{"timestamp": "Sep-07-2023 12:15:30" "logLevel": "error" "message": "index: Error an index"}
{"timestamp": "Sep-07-2023 12:18:20" "logLevel": "error" "message": "errorHandler: {"status":500,"fieldName":"","message":"Oops! Something went wrong!"}"}
{"timestamp": "Sep-07-2023 12:18:20" "logLevel": "error" "message": "index: Error an index"}
{"timestamp": "Sep-07-2023 13:07:55" "logLevel": "error" "message": "errorHandler: {"status":500,"fieldName":"","message":"Oops! Something went wrong!"}"}
{"timestamp": "Sep-07-2023 13:08:37" "logLevel": "error" "message": "errorHandler: {"status":500,"fieldName":"","message":"Oops! Something went wrong!"}"}
{"timestamp": "Sep-07-2023 13:10:04" "logLevel": "error" "message": "errorHandler: {"status":500,"fieldName":"","message":"Oops! Something went wrong!"}"}
{"timestamp": "Sep-07-2023 13:20:22" "logLevel": "error" "message": "errorHandler: {"status":500,"fieldName":"","message":"Oops! Something went wrong!"}"}
{"timestamp": "Sep-07-2023 13:20:51" "logLevel": "error" "message": "errorHandler: {"status":500,"fieldName":"","message":"Oops! Something went wrong!"}"}
{"timestamp": "Sep-07-2023 13:28:55" "logLevel": "error" "message": "errorHandler: {"status":500,"fieldName":"","message":"Oops! Something went wrong!"}"}
{"timestamp": "Sep-07-2023 13:29:29" "logLevel": "error" "message": "errorHandler: {"status":500,"fieldName":"","message":"Oops! Something went wrong!"}"}
{"timestamp": "Sep-07-2023 13:29:58" "logLevel": "error" "message": "errorHandler: {"status":500,"fieldName":"","message":"Oops! Something went wrong!"}"}
{"timestamp": "Sep-07-2023 13:30:35" "logLevel": "error" "message": "errorHandler: {"status":500,"fieldName":"","message":"Oops! Something went wrong!"}"}
{"timestamp": "Sep-07-2023 13:32:15" "logLevel": "error" "message": "errorHandler: {"status":500,"fieldName":"","message":"Oops! Something went wrong!"}"}
{"timestamp": "Sep-07-2023 13:32:53" "logLevel": "error" "message": "errorHandler: {"status":500,"fieldName":"","message":"Oops! Something went wrong!"}"}
{"timestamp": "Sep-07-2023 13:33:50" "logLevel": "error" "message": "errorHandler: {"status":500,"fieldName":"","message":"Oops! Something went wrong!"}"}
{"timestamp": "Sep-07-2023 13:35:20" "logLevel": "error" "message": "errorHandler: {"status":500,"fieldName":"","message":"Oops! Something went wrong!"}"}
{"timestamp": "Sep-07-2023 13:36:02" "logLevel": "error" "message": "errorHandler: {"status":500,"fieldName":"","message":"Oops! Something went wrong!"}"}
{"timestamp": "Sep-07-2023 13:44:04" "logLevel": "error" "message": "errorHandler: {"status":500,"fieldName":"","message":"Oops! Something went wrong!"}"}
{"timestamp": "Sep-07-2023 13:44:54" "logLevel": "error" "message": "errorHandler: {"status":500,"fieldName":"","message":"Oops! Something went wrong!"}"}
{"timestamp": "Sep-07-2023 13:46:22" "logLevel": "error" "message": "errorHandler: {"status":500,"fieldName":"","message":"Oops! Something went wrong!"}"}
{"timestamp": "Sep-07-2023 14:11:44" "logLevel": "error" "message": "errorHandler: {"status":500,"fieldName":"","message":"Oops! Something went wrong!"}"}
{"timestamp": "Sep-07-2023 14:12:38" "logLevel": "error" "message": "errorHandler: {"status":500,"fieldName":"","message":"Oops! Something went wrong!"}"}
